<?xml version="1.0" encoding="UTF-8"?>
<testng-results skipped="0" failed="1" total="1" passed="0">
  <reporter-output>
  </reporter-output>
  <suite name="Surefire suite" duration-ms="5583" started-at="2015-12-08T17:02:09Z" finished-at="2015-12-08T17:02:14Z">
    <groups>
    </groups>
    <test name="Surefire test" duration-ms="5583" started-at="2015-12-08T17:02:09Z" finished-at="2015-12-08T17:02:14Z">
      <class name="com.legalzoom.web.test.integration.llc.TestSignInAsNewUserSuccessfulIT">
        <test-method status="PASS" signature="setUsername()[pri:0, instance:com.legalzoom.web.test.integration.llc.TestSignInAsNewUserSuccessfulIT@5abca1e0]" name="setUsername" is-config="true" duration-ms="7" started-at="2015-12-08T09:02:09Z" finished-at="2015-12-08T09:02:09Z">
          <reporter-output>
          </reporter-output>
        </test-method> <!-- setUsername -->
        <test-method status="FAIL" signature="test_SignIn_As_New_User_Should_Successful(java.lang.String, java.lang.String, java.lang.String, java.lang.reflect.Method)[pri:0, instance:com.legalzoom.web.test.integration.llc.TestSignInAsNewUserSuccessfulIT@5abca1e0]" name="test_SignIn_As_New_User_Should_Successful" duration-ms="4525" started-at="2015-12-08T09:02:09Z" data-provider="hardCodedBrowsers" finished-at="2015-12-08T09:02:13Z">
          <params>
            <param index="0">
              <value>
                <![CDATA[internet explorer]]>
              </value>
            </param>
            <param index="1">
              <value>
                <![CDATA[11]]>
              </value>
            </param>
            <param index="2">
              <value>
                <![CDATA[Windows 8.1]]>
              </value>
            </param>
            <param index="3">
              <value>
                <![CDATA[public void com.legalzoom.web.test.integration.llc.TestSignInAsNewUserSuccessfulIT.test_SignIn_As_New_User_Should_Successful(java.lang.String,java.lang.String,java.lang.String,java.lang.reflect.Method) throws java.lang.Exception]]>
              </value>
            </param>
          </params>
          <exception class="org.openqa.selenium.UnsupportedCommandException">
            <message>
              <![CDATA[Resolution you specified is not available for this OS/browser/version/device combo: OS: 'Windows 2012 R2', Browser: 'iexplore', Version: '11.', Device: 'unspecified', Screen Resolution: '1920x1200' available resolutions: '800x600', '1024x768', '1280x1024'
Command duration or timeout: 4.25 seconds
Build info: version: '2.48.2', revision: '41bccdd10cf2c0560f637404c2d96164b67d9d67', time: '2015-10-09 13:08:06'
System info: host: 'Kevins-MacBook-Pro.local', ip: '10.35.4.137', os.name: 'Mac OS X', os.arch: 'x86_64', os.version: '10.10.5', java.version: '1.8.0_60'
Driver info: org.openqa.selenium.remote.RemoteWebDriver]]>
            </message>
            <full-stacktrace>
              <![CDATA[org.openqa.selenium.UnsupportedCommandException: Resolution you specified is not available for this OS/browser/version/device combo: OS: 'Windows 2012 R2', Browser: 'iexplore', Version: '11.', Device: 'unspecified', Screen Resolution: '1920x1200' available resolutions: '800x600', '1024x768', '1280x1024'
Command duration or timeout: 4.25 seconds
Build info: version: '2.48.2', revision: '41bccdd10cf2c0560f637404c2d96164b67d9d67', time: '2015-10-09 13:08:06'
System info: host: 'Kevins-MacBook-Pro.local', ip: '10.35.4.137', os.name: 'Mac OS X', os.arch: 'x86_64', os.version: '10.10.5', java.version: '1.8.0_60'
Driver info: org.openqa.selenium.remote.RemoteWebDriver
	at sun.reflect.NativeConstructorAccessorImpl.newInstance0(Native Method)
	at sun.reflect.NativeConstructorAccessorImpl.newInstance(NativeConstructorAccessorImpl.java:62)
	at sun.reflect.DelegatingConstructorAccessorImpl.newInstance(DelegatingConstructorAccessorImpl.java:45)
	at java.lang.reflect.Constructor.newInstance(Constructor.java:422)
	at org.openqa.selenium.remote.ErrorHandler.createThrowable(ErrorHandler.java:206)
	at org.openqa.selenium.remote.ErrorHandler.throwIfResponseFailed(ErrorHandler.java:158)
	at org.openqa.selenium.remote.RemoteWebDriver.execute(RemoteWebDriver.java:647)
	at org.openqa.selenium.remote.RemoteWebDriver.startSession(RemoteWebDriver.java:247)
	at org.openqa.selenium.remote.RemoteWebDriver.<init>(RemoteWebDriver.java:129)
	at org.openqa.selenium.remote.RemoteWebDriver.<init>(RemoteWebDriver.java:156)
	at com.legalzoom.web.test.integration.llc.TestSignInAsNewUserSuccessfulIT.createDriver(TestSignInAsNewUserSuccessfulIT.java:151)
	at com.legalzoom.web.test.integration.llc.TestSignInAsNewUserSuccessfulIT.test_SignIn_As_New_User_Should_Successful(TestSignInAsNewUserSuccessfulIT.java:188)
	at sun.reflect.NativeMethodAccessorImpl.invoke0(Native Method)
	at sun.reflect.NativeMethodAccessorImpl.invoke(NativeMethodAccessorImpl.java:62)
	at sun.reflect.DelegatingMethodAccessorImpl.invoke(DelegatingMethodAccessorImpl.java:43)
	at java.lang.reflect.Method.invoke(Method.java:497)
	at org.testng.internal.MethodInvocationHelper.invokeMethod(MethodInvocationHelper.java:85)
	at org.testng.internal.Invoker.invokeMethod(Invoker.java:639)
	at org.testng.internal.Invoker.invokeTestMethod(Invoker.java:816)
	at org.testng.internal.TestMethodWithDataProviderMethodWorker.call(TestMethodWithDataProviderMethodWorker.java:75)
	at org.testng.internal.TestMethodWithDataProviderMethodWorker.call(TestMethodWithDataProviderMethodWorker.java:14)
	at java.util.concurrent.FutureTask.run(FutureTask.java:266)
	at java.util.concurrent.Executors$RunnableAdapter.call(Executors.java:511)
	at java.util.concurrent.FutureTask.run(FutureTask.java:266)
	at java.util.concurrent.ThreadPoolExecutor.runWorker(ThreadPoolExecutor.java:1142)
	at java.util.concurrent.ThreadPoolExecutor$Worker.run(ThreadPoolExecutor.java:617)
	at java.lang.Thread.run(Thread.java:745)
]]>
            </full-stacktrace>
          </exception> <!-- org.openqa.selenium.UnsupportedCommandException -->
          <reporter-output>
          </reporter-output>
        </test-method> <!-- test_SignIn_As_New_User_Should_Successful -->
      </class> <!-- com.legalzoom.web.test.integration.llc.TestSignInAsNewUserSuccessfulIT -->
    </test> <!-- Surefire test -->
  </suite> <!-- Surefire suite -->
</testng-results>
